<?xml version="1.0" encoding="UTF-8"?>
<!-- Generated by org.testng.reporters.JUnitReportReporter -->
<testsuite hostname="LAPTOP-PIU79BCM" failures="0" tests="10" name="runner.RunTest" time="10.784" errors="0" timestamp="2023-12-03T23:41:52 IST" skipped="0">
  <testcase classname="runner.RunTest" name="runScenario" time="0.739"/>
  <system-out/>
  <testcase classname="runner.RunTest" name="runScenario" time="0.575"/>
  <system-out/>
  <testcase classname="runner.RunTest" name="runScenario" time="0.742"/>
  <system-out/>
  <testcase classname="runner.RunTest" name="runScenario" time="0.983"/>
  <system-out/>
  <testcase classname="runner.RunTest" name="runScenario" time="0.913"/>
  <system-out/>
  <testcase classname="runner.RunTest" name="runScenario" time="0.815"/>
  <system-out/>
  <testcase classname="runner.RunTest" name="runScenario" time="3.014"/>
  <system-out/>
  <testcase classname="runner.RunTest" name="runScenario" time="0.846"/>
  <system-out/>
  <testcase classname="runner.RunTest" name="runScenario" time="0.887"/>
  <system-out/>
  <testcase classname="runner.RunTest" name="runScenario" time="1.270"/>
  <system-out/>
</testsuite> <!-- runner.RunTest -->
