<?xml version="1.0" encoding="UTF-8"?>
<!-- Generated by org.testng.reporters.JUnitReportReporter -->
<testsuite hostname="LAPTOP-PIU79BCM" failures="0" tests="4" name="services.IncidentTests" time="41.397" errors="0" timestamp="2023-12-03T16:43:08 IST" skipped="0">
  <testcase classname="services.IncidentTests" name="updateIncident" time="5.411"/>
  <system-out/>
  <testcase classname="services.IncidentTests" name="getAllIncidents" time="5.508"/>
  <system-out/>
  <testcase classname="services.IncidentTests" name="createIncident" time="5.998"/>
  <system-out/>
  <testcase classname="services.IncidentTests" name="getIncidents" time="24.480"/>
  <system-out/>
</testsuite> <!-- services.IncidentTests -->
